0 info it worked if it ends with ok
1 verbose cli [ '/usr/local/bin/node', '/usr/local/bin/npm', 'install' ]
2 info using npm@2.15.9
3 info using node@v4.6.0
4 verbose readDependencies loading dependencies from /Users/franciscogarcia/Documents/angular2/ionic2partes-rc/package.json
5 verbose install where, deps [ '/Users/franciscogarcia/Documents/angular2/ionic2partes-rc',
5 verbose install   [ '@angular/common',
5 verbose install     '@angular/compiler',
5 verbose install     '@angular/compiler-cli',
5 verbose install     '@angular/core',
5 verbose install     '@angular/forms',
5 verbose install     '@angular/http',
5 verbose install     '@angular/platform-browser',
5 verbose install     '@angular/platform-browser-dynamic',
5 verbose install     '@angular/platform-server',
5 verbose install     '@ionic/storage',
5 verbose install     'ionic-angular',
5 verbose install     'ionic-native',
5 verbose install     'ionicons',
5 verbose install     'rxjs',
5 verbose install     'zone.js',
5 verbose install     '@ionic/app-scripts',
5 verbose install     'typescript' ] ]
6 verbose install where, peers [ '/Users/franciscogarcia/Documents/angular2/ionic2partes-rc',
6 verbose install   [] ]
7 verbose installManyTop reading for lifecycle /Users/franciscogarcia/Documents/angular2/ionic2partes-rc/package.json
8 info preinstall partes@
9 verbose installManyTop reading scoped package data from /Users/franciscogarcia/Documents/angular2/ionic2partes-rc/node_modules/angular2-signaturepad/package.json
10 verbose installManyTop reading scoped package data from /Users/franciscogarcia/Documents/angular2/ionic2partes-rc/node_modules/ionic-angular/package.json
11 verbose installManyTop reading scoped package data from /Users/franciscogarcia/Documents/angular2/ionic2partes-rc/node_modules/ionic-native/package.json
12 verbose installManyTop reading scoped package data from /Users/franciscogarcia/Documents/angular2/ionic2partes-rc/node_modules/ionicons/package.json
13 verbose installManyTop reading scoped package data from /Users/franciscogarcia/Documents/angular2/ionic2partes-rc/node_modules/rxjs/package.json
14 verbose installManyTop reading scoped package data from /Users/franciscogarcia/Documents/angular2/ionic2partes-rc/node_modules/typescript/package.json
15 verbose installManyTop reading scoped package data from /Users/franciscogarcia/Documents/angular2/ionic2partes-rc/node_modules/zone.js/package.json
16 verbose installManyTop reading scoped package data from /Users/franciscogarcia/Documents/angular2/ionic2partes-rc/node_modules/@ionic/app-scripts/package.json
17 verbose installManyTop reading scoped package data from /Users/franciscogarcia/Documents/angular2/ionic2partes-rc/node_modules/@ionic/storage/package.json
18 verbose installManyTop reading scoped package data from /Users/franciscogarcia/Documents/angular2/ionic2partes-rc/node_modules/@angular/common/package.json
19 verbose installManyTop reading scoped package data from /Users/franciscogarcia/Documents/angular2/ionic2partes-rc/node_modules/@angular/compiler/package.json
20 verbose installManyTop reading scoped package data from /Users/franciscogarcia/Documents/angular2/ionic2partes-rc/node_modules/@angular/compiler-cli/package.json
21 verbose installManyTop reading scoped package data from /Users/franciscogarcia/Documents/angular2/ionic2partes-rc/node_modules/@angular/core/package.json
22 verbose installManyTop reading scoped package data from /Users/franciscogarcia/Documents/angular2/ionic2partes-rc/node_modules/@angular/forms/package.json
23 verbose installManyTop reading scoped package data from /Users/franciscogarcia/Documents/angular2/ionic2partes-rc/node_modules/@angular/http/package.json
24 verbose installManyTop reading scoped package data from /Users/franciscogarcia/Documents/angular2/ionic2partes-rc/node_modules/@angular/platform-browser/package.json
25 verbose installManyTop reading scoped package data from /Users/franciscogarcia/Documents/angular2/ionic2partes-rc/node_modules/@angular/platform-browser-dynamic/package.json
26 verbose installManyTop reading scoped package data from /Users/franciscogarcia/Documents/angular2/ionic2partes-rc/node_modules/@angular/platform-server/package.json
27 info package.json @ionic/storage@1.1.6 No README data
28 verbose readDependencies loading dependencies from /Users/franciscogarcia/Documents/angular2/ionic2partes-rc/package.json
29 verbose targetResolver reading package data from /Users/franciscogarcia/Documents/angular2/ionic2partes-rc/node_modules/angular2-signaturepad/package.json
30 verbose targetResolver reading package data from /Users/franciscogarcia/Documents/angular2/ionic2partes-rc/node_modules/ionic-angular/package.json
31 verbose targetResolver reading package data from /Users/franciscogarcia/Documents/angular2/ionic2partes-rc/node_modules/ionic-native/package.json
32 verbose targetResolver reading package data from /Users/franciscogarcia/Documents/angular2/ionic2partes-rc/node_modules/ionicons/package.json
33 verbose targetResolver reading package data from /Users/franciscogarcia/Documents/angular2/ionic2partes-rc/node_modules/rxjs/package.json
34 verbose targetResolver reading package data from /Users/franciscogarcia/Documents/angular2/ionic2partes-rc/node_modules/typescript/package.json
35 verbose targetResolver reading package data from /Users/franciscogarcia/Documents/angular2/ionic2partes-rc/node_modules/zone.js/package.json
36 verbose targetResolver reading package data from /Users/franciscogarcia/Documents/angular2/ionic2partes-rc/node_modules/.bin/ionic-app-scripts/package.json
37 verbose targetResolver reading package data from /Users/franciscogarcia/Documents/angular2/ionic2partes-rc/node_modules/.bin/ng-xi18n/package.json
38 verbose targetResolver reading package data from /Users/franciscogarcia/Documents/angular2/ionic2partes-rc/node_modules/.bin/ngc/package.json
39 verbose targetResolver reading package data from /Users/franciscogarcia/Documents/angular2/ionic2partes-rc/node_modules/.bin/tsc/package.json
40 verbose targetResolver reading package data from /Users/franciscogarcia/Documents/angular2/ionic2partes-rc/node_modules/.bin/tsserver/package.json
41 verbose targetResolver reading package data from /Users/franciscogarcia/Documents/angular2/ionic2partes-rc/node_modules/@angular/common/package.json
42 verbose targetResolver reading package data from /Users/franciscogarcia/Documents/angular2/ionic2partes-rc/node_modules/@angular/compiler/package.json
43 verbose targetResolver reading package data from /Users/franciscogarcia/Documents/angular2/ionic2partes-rc/node_modules/@angular/compiler-cli/package.json
44 verbose targetResolver reading package data from /Users/franciscogarcia/Documents/angular2/ionic2partes-rc/node_modules/@angular/core/package.json
45 verbose targetResolver reading package data from /Users/franciscogarcia/Documents/angular2/ionic2partes-rc/node_modules/@angular/forms/package.json
46 verbose targetResolver reading package data from /Users/franciscogarcia/Documents/angular2/ionic2partes-rc/node_modules/@angular/http/package.json
47 verbose targetResolver reading package data from /Users/franciscogarcia/Documents/angular2/ionic2partes-rc/node_modules/@angular/platform-browser/package.json
48 verbose targetResolver reading package data from /Users/franciscogarcia/Documents/angular2/ionic2partes-rc/node_modules/@angular/platform-browser-dynamic/package.json
49 verbose targetResolver reading package data from /Users/franciscogarcia/Documents/angular2/ionic2partes-rc/node_modules/@angular/platform-server/package.json
50 verbose targetResolver reading package data from /Users/franciscogarcia/Documents/angular2/ionic2partes-rc/node_modules/@ionic/app-scripts/package.json
51 verbose targetResolver reading package data from /Users/franciscogarcia/Documents/angular2/ionic2partes-rc/node_modules/@ionic/storage/package.json
52 verbose already installed skipping @angular/platform-browser-dynamic@^2.0.0 /Users/franciscogarcia/Documents/angular2/ionic2partes-rc
53 verbose already installed skipping @angular/platform-server@^2.0.0 /Users/franciscogarcia/Documents/angular2/ionic2partes-rc
54 verbose already installed skipping @ionic/storage@^1.0.3 /Users/franciscogarcia/Documents/angular2/ionic2partes-rc
55 verbose already installed skipping ionic-angular@^2.0.0-rc.1 /Users/franciscogarcia/Documents/angular2/ionic2partes-rc
56 verbose already installed skipping ionic-native@^2.2.3 /Users/franciscogarcia/Documents/angular2/ionic2partes-rc
57 verbose already installed skipping ionicons@^3.0.0 /Users/franciscogarcia/Documents/angular2/ionic2partes-rc
58 verbose already installed skipping rxjs@5.0.0-beta.12 /Users/franciscogarcia/Documents/angular2/ionic2partes-rc
59 verbose already installed skipping zone.js@^0.6.21 /Users/franciscogarcia/Documents/angular2/ionic2partes-rc
60 verbose already installed skipping @ionic/app-scripts@^0.0.34 /Users/franciscogarcia/Documents/angular2/ionic2partes-rc
61 verbose already installed skipping typescript@^2.0.3 /Users/franciscogarcia/Documents/angular2/ionic2partes-rc
62 verbose already installed skipping @angular/common@^2.0.0 /Users/franciscogarcia/Documents/angular2/ionic2partes-rc
63 verbose already installed skipping @angular/compiler@^2.0.0 /Users/franciscogarcia/Documents/angular2/ionic2partes-rc
64 verbose already installed skipping @angular/compiler-cli@0.6.2 /Users/franciscogarcia/Documents/angular2/ionic2partes-rc
65 verbose already installed skipping @angular/core@^2.0.0 /Users/franciscogarcia/Documents/angular2/ionic2partes-rc
66 verbose already installed skipping @angular/forms@^2.0.0 /Users/franciscogarcia/Documents/angular2/ionic2partes-rc
67 verbose already installed skipping @angular/http@^2.0.0 /Users/franciscogarcia/Documents/angular2/ionic2partes-rc
68 verbose already installed skipping @angular/platform-browser@^2.0.0 /Users/franciscogarcia/Documents/angular2/ionic2partes-rc
69 silly install resolved []
70 info build /Users/franciscogarcia/Documents/angular2/ionic2partes-rc
71 info linkStuff partes@
72 silly linkStuff partes@ has /Users/franciscogarcia/Documents/angular2 as its parent node_modules
73 verbose linkBins partes@
74 verbose linkMans partes@
75 verbose rebuildBundles partes@
76 verbose rebuildBundles [ '.bin',
76 verbose rebuildBundles   '@angular',
76 verbose rebuildBundles   '@ionic',
76 verbose rebuildBundles   'angular2-signaturepad',
76 verbose rebuildBundles   'ionic-angular',
76 verbose rebuildBundles   'ionic-native',
76 verbose rebuildBundles   'ionicons',
76 verbose rebuildBundles   'rxjs',
76 verbose rebuildBundles   'typescript',
76 verbose rebuildBundles   'zone.js' ]
77 verbose rebuild bundle /Users/franciscogarcia/Documents/angular2/ionic2partes-rc/node_modules/angular2-signaturepad
78 info build /Users/franciscogarcia/Documents/angular2/ionic2partes-rc/node_modules/angular2-signaturepad
79 info preinstall angular2-signaturepad@2.1.0
80 info linkStuff angular2-signaturepad@2.1.0
81 silly linkStuff angular2-signaturepad@2.1.0 has /Users/franciscogarcia/Documents/angular2/ionic2partes-rc/node_modules as its parent node_modules
82 verbose linkBins angular2-signaturepad@2.1.0
83 verbose linkMans angular2-signaturepad@2.1.0
84 verbose rebuildBundles angular2-signaturepad@2.1.0
85 verbose rebuildBundles [ 'signature_pad' ]
86 info install angular2-signaturepad@2.1.0
87 info postinstall angular2-signaturepad@2.1.0
88 info install partes@
89 info postinstall partes@
90 info prepublish partes@
91 verbose validateInstall loading /Users/franciscogarcia/Documents/angular2/ionic2partes-rc/package.json for validation
92 verbose stack Error: The package @angular/common@2.1.1 does not satisfy its siblings' peerDependencies requirements!
92 verbose stack     at /usr/local/lib/node_modules/npm/lib/install.js:125:32
92 verbose stack     at /usr/local/lib/node_modules/npm/lib/install.js:268:7
92 verbose stack     at /usr/local/lib/node_modules/npm/node_modules/read-installed/read-installed.js:142:5
92 verbose stack     at /usr/local/lib/node_modules/npm/node_modules/read-installed/read-installed.js:263:14
92 verbose stack     at cb (/usr/local/lib/node_modules/npm/node_modules/slide/lib/async-map.js:47:24)
92 verbose stack     at /usr/local/lib/node_modules/npm/node_modules/read-installed/read-installed.js:263:14
92 verbose stack     at cb (/usr/local/lib/node_modules/npm/node_modules/slide/lib/async-map.js:47:24)
92 verbose stack     at /usr/local/lib/node_modules/npm/node_modules/read-installed/read-installed.js:263:14
92 verbose stack     at cb (/usr/local/lib/node_modules/npm/node_modules/slide/lib/async-map.js:47:24)
92 verbose stack     at /usr/local/lib/node_modules/npm/node_modules/read-installed/read-installed.js:263:14
93 verbose cwd /Users/franciscogarcia/Documents/angular2/ionic2partes-rc
94 error Darwin 15.6.0
95 error argv "/usr/local/bin/node" "/usr/local/bin/npm" "install"
96 error node v4.6.0
97 error npm  v2.15.9
98 error code EPEERINVALID
99 error peerinvalid The package @angular/common@2.1.1 does not satisfy its siblings' peerDependencies requirements!
99 error peerinvalid Peer @angular/forms@2.1.1 wants @angular/common@2.1.1
99 error peerinvalid Peer @angular/platform-browser@2.1.1 wants @angular/common@2.1.1
99 error peerinvalid Peer @angular/platform-browser-dynamic@2.1.1 wants @angular/common@2.1.1
99 error peerinvalid Peer @angular/platform-server@2.1.1 wants @angular/common@2.1.1
99 error peerinvalid Peer ionic-angular@2.0.0-rc.1-201610241941 wants @angular/common@2.0.0
100 verbose exit [ 1, true ]
